main files/Soko/soko/build/outputs/logs/manifest-merger-debug-report.txt
-- Merging decision tree log ---
manifest
ADDED from src\main\AndroidManifest.xml:2:1-112:12
	xmlns:android
		ADDED from src\main\AndroidManifest.xml:2:11-69
	package
		ADDED from src\main\AndroidManifest.xml:3:5-35
		INJECTED from src\main\AndroidManifest.xml
		INJECTED from src\main\AndroidManifest.xml
	android:versionName
		ADDED from src\main\AndroidManifest.xml:5:5-30
		INJECTED from src\main\AndroidManifest.xml
		INJECTED from src\main\AndroidManifest.xml
	android:versionCode
		ADDED from src\main\AndroidManifest.xml:4:5-28
		INJECTED from src\main\AndroidManifest.xml
		INJECTED from src\main\AndroidManifest.xml
uses-sdk
ADDED from src\main\AndroidManifest.xml:7:5-9:41
MERGED from [Soko:pagerlibrary:unspecified] AndroidManifest.xml:7:5-9:40
MERGED from [Soko:slidingMenu:unspecified] AndroidManifest.xml:7:5-9:41
MERGED from [com.android.support:appcompat-v7:19.1.0] AndroidManifest.xml:18:5-42
	android:targetSdkVersion
		ADDED from src\main\AndroidManifest.xml:9:9-38
		INJECTED from src\main\AndroidManifest.xml
		INJECTED from src\main\AndroidManifest.xml
	android:minSdkVersion
		ADDED from src\main\AndroidManifest.xml:8:9-35
		INJECTED from src\main\AndroidManifest.xml
		INJECTED from src\main\AndroidManifest.xml
uses-permission#android.permission.CAMERA
ADDED from src\main\AndroidManifest.xml:12:5-65
	android:name
		ADDED from src\main\AndroidManifest.xml:12:22-62
uses-permission#android.permission.VIBRATE
ADDED from src\main\AndroidManifest.xml:13:5-66
	android:name
		ADDED from src\main\AndroidManifest.xml:13:22-63
uses-feature#android.hardware.camera
ADDED from src\main\AndroidManifest.xml:15:5-85
	android:required
		ADDED from src\main\AndroidManifest.xml:15:58-82
	android:name
		ADDED from src\main\AndroidManifest.xml:15:19-57
uses-feature#android.hardware.camera.autofocus
ADDED from src\main\AndroidManifest.xml:16:5-95
	android:required
		ADDED from src\main\AndroidManifest.xml:16:68-92
	android:name
		ADDED from src\main\AndroidManifest.xml:16:19-67
uses-permission#android.permission.ACCESS_NETWORK_STATE
ADDED from src\main\AndroidManifest.xml:19:5-78
	android:name
		ADDED from src\main\AndroidManifest.xml:19:22-76
uses-permission#android.permission.ACCESS_WIFI_STATE
ADDED from src\main\AndroidManifest.xml:20:5-75
	android:name
		ADDED from src\main\AndroidManifest.xml:20:22-73
uses-permission#android.permission.INTERNET
ADDED from src\main\AndroidManifest.xml:21:5-66
	android:name
		ADDED from src\main\AndroidManifest.xml:21:22-64
uses-permission#android.permission.WRITE_EXTERNAL_STORAGE
ADDED from src\main\AndroidManifest.xml:23:5-81
	android:name
		ADDED from src\main\AndroidManifest.xml:23:22-78
uses-permission#android.permission.WRITE_SETTINGS
ADDED from src\main\AndroidManifest.xml:24:5-73
	android:name
		ADDED from src\main\AndroidManifest.xml:24:22-70
application
ADDED from src\main\AndroidManifest.xml:28:5-110:19
MERGED from [Soko:hListViewLibrary:unspecified] AndroidManifest.xml:6:5-20
MERGED from [com.android.support:appcompat-v7:19.1.0] AndroidManifest.xml:19:5-20
	android:label
		ADDED from src\main\AndroidManifest.xml:32:9-41
	android:allowBackup
		ADDED from src\main\AndroidManifest.xml:29:9-35
	android:icon
		ADDED from src\main\AndroidManifest.xml:31:9-45
	android:configChanges
		ADDED from src\main\AndroidManifest.xml:30:9-70
	android:theme
		ADDED from src\main\AndroidManifest.xml:34:9-40
	android:name
		ADDED from src\main\AndroidManifest.xml:33:9-51
activity#com.gilo.soko.NavigationDrawer
ADDED from src\main\AndroidManifest.xml:35:9-44:20
	android:label
		ADDED from src\main\AndroidManifest.xml:38:13-45
	android:configChanges
		ADDED from src\main\AndroidManifest.xml:37:13-59
	android:name
		ADDED from src\main\AndroidManifest.xml:36:13-58
intent-filter#android.intent.action.MAIN+android.intent.category.LAUNCHER
ADDED from src\main\AndroidManifest.xml:39:13-43:29
action#android.intent.action.MAIN
ADDED from src\main\AndroidManifest.xml:40:17-69
	android:name
		ADDED from src\main\AndroidManifest.xml:40:25-66
category#android.intent.category.LAUNCHER
ADDED from src\main\AndroidManifest.xml:42:17-77
	android:name
		ADDED from src\main\AndroidManifest.xml:42:27-74
activity#com.gilo.soko.ShopActivity
ADDED from src\main\AndroidManifest.xml:46:9-109
	android:configChanges
		ADDED from src\main\AndroidManifest.xml:46:61-107
	android:name
		ADDED from src\main\AndroidManifest.xml:46:19-60
activity#com.gilo.soko.SingleProductActivity
ADDED from src\main\AndroidManifest.xml:47:9-118
	android:configChanges
		ADDED from src\main\AndroidManifest.xml:47:70-116
	android:name
		ADDED from src\main\AndroidManifest.xml:47:19-69
activity#com.gilo.soko.SingleProductDrawerActivity
ADDED from src\main\AndroidManifest.xml:48:10-50:16
	android:configChanges
		ADDED from src\main\AndroidManifest.xml:49:14-60
	android:name
		ADDED from src\main\AndroidManifest.xml:48:20-76
activity#com.gilo.soko.MainActivity
ADDED from src\main\AndroidManifest.xml:51:9-109
	android:configChanges
		ADDED from src\main\AndroidManifest.xml:51:61-107
	android:name
		ADDED from src\main\AndroidManifest.xml:51:19-60
activity#com.gilo.soko.CheckOutActivity
ADDED from src\main\AndroidManifest.xml:52:9-113
	android:configChanges
		ADDED from src\main\AndroidManifest.xml:52:65-111
	android:name
		ADDED from src\main\AndroidManifest.xml:52:19-64
activity#com.gilo.soko.ShippingInformationActivity
ADDED from src\main\AndroidManifest.xml:53:9-124
	android:configChanges
		ADDED from src\main\AndroidManifest.xml:53:76-122
	android:name
		ADDED from src\main\AndroidManifest.xml:53:19-75
activity#com.gilo.soko.ShopDrawerActivity
ADDED from src\main\AndroidManifest.xml:54:9-56:15
	android:configChanges
		ADDED from src\main\AndroidManifest.xml:55:13-59
	android:name
		ADDED from src\main\AndroidManifest.xml:54:19-66
activity#com.gilo.soko.LeaveACommentActivity
ADDED from src\main\AndroidManifest.xml:57:9-118
	android:configChanges
		ADDED from src\main\AndroidManifest.xml:57:70-116
	android:name
		ADDED from src\main\AndroidManifest.xml:57:19-69
activity#com.gilo.soko.PurchasedItemsActivity
ADDED from src\main\AndroidManifest.xml:58:9-119
	android:configChanges
		ADDED from src\main\AndroidManifest.xml:58:71-117
	android:name
		ADDED from src\main\AndroidManifest.xml:58:19-70
activity#com.gilo.soko.AboutActivity
ADDED from src\main\AndroidManifest.xml:59:9-110
	android:configChanges
		ADDED from src\main\AndroidManifest.xml:59:62-108
	android:name
		ADDED from src\main\AndroidManifest.xml:59:19-61
activity#com.gilo.soko.ContactUsActivity
ADDED from src\main\AndroidManifest.xml:60:9-114
	android:configChanges
		ADDED from src\main\AndroidManifest.xml:60:66-112
	android:name
		ADDED from src\main\AndroidManifest.xml:60:19-65
activity#com.gilo.soko.LoginActivity
ADDED from src\main\AndroidManifest.xml:61:9-110
	android:configChanges
		ADDED from src\main\AndroidManifest.xml:61:62-108
	android:name
		ADDED from src\main\AndroidManifest.xml:61:19-61
activity#com.gilo.soko.DashboardActivity
ADDED from src\main\AndroidManifest.xml:62:9-114
	android:configChanges
		ADDED from src\main\AndroidManifest.xml:62:66-112
	android:name
		ADDED from src\main\AndroidManifest.xml:62:19-65
activity#com.gilo.soko.HeartedActivity
ADDED from src\main\AndroidManifest.xml:63:10-113
	android:configChanges
		ADDED from src\main\AndroidManifest.xml:63:65-111
	android:name
		ADDED from src\main\AndroidManifest.xml:63:20-64
activity#com.gilo.soko.OrderActivity
ADDED from src\main\AndroidManifest.xml:65:11-112
	android:configChanges
		ADDED from src\main\AndroidManifest.xml:65:64-110
	android:name
		ADDED from src\main\AndroidManifest.xml:65:21-63
activity#com.gilo.soko.SingleOrderActivity
ADDED from src\main\AndroidManifest.xml:66:12-119
	android:configChanges
		ADDED from src\main\AndroidManifest.xml:66:71-117
	android:name
		ADDED from src\main\AndroidManifest.xml:66:22-70
activity#com.gilo.soko.SimilarActivity
ADDED from src\main\AndroidManifest.xml:68:9-71:15
	android:configChanges
		ADDED from src\main\AndroidManifest.xml:70:13-59
	android:parentActivityName
		ADDED from src\main\AndroidManifest.xml:69:13-83
	android:name
		ADDED from src\main\AndroidManifest.xml:68:19-63
activity#com.gilo.soko.ZoomInActivity
ADDED from src\main\AndroidManifest.xml:72:9-74:16
	android:configChanges
		ADDED from src\main\AndroidManifest.xml:73:13-59
	android:name
		ADDED from src\main\AndroidManifest.xml:72:19-62
activity#com.gilo.soko.SearchActivity
ADDED from src\main\AndroidManifest.xml:77:9-87:20
	android:configChanges
		ADDED from src\main\AndroidManifest.xml:78:13-59
	android:parentActivityName
		ADDED from src\main\AndroidManifest.xml:79:13-72
	android:name
		ADDED from src\main\AndroidManifest.xml:77:19-62
intent-filter#android.intent.action.SEARCH
ADDED from src\main\AndroidManifest.xml:80:13-82:29
action#android.intent.action.SEARCH
ADDED from src\main\AndroidManifest.xml:81:17-71
	android:name
		ADDED from src\main\AndroidManifest.xml:81:25-68
meta-data#android.app.searchable
ADDED from src\main\AndroidManifest.xml:84:13-86:54
	android:resource
		ADDED from src\main\AndroidManifest.xml:86:17-51
	android:name
		ADDED from src\main\AndroidManifest.xml:85:17-54
meta-data#android.app.default_searchable
ADDED from src\main\AndroidManifest.xml:89:9-100
	android:name
		ADDED from src\main\AndroidManifest.xml:89:20-65
	android:value
		ADDED from src\main\AndroidManifest.xml:89:66-97
service#com.paypal.android.sdk.payments.PayPalService
ADDED from src\main\AndroidManifest.xml:91:9-92:40
	android:exported
		ADDED from src\main\AndroidManifest.xml:92:13-37
	android:name
		ADDED from src\main\AndroidManifest.xml:91:18-78
activity#com.paypal.android.sdk.payments.PaymentActivity
ADDED from src\main\AndroidManifest.xml:94:9-84
	android:name
		ADDED from src\main\AndroidManifest.xml:94:19-81
activity#com.paypal.android.sdk.payments.LoginActivity
ADDED from src\main\AndroidManifest.xml:95:9-82
	android:name
		ADDED from src\main\AndroidManifest.xml:95:19-79
activity#com.paypal.android.sdk.payments.PaymentMethodActivity
ADDED from src\main\AndroidManifest.xml:96:9-90
	android:name
		ADDED from src\main\AndroidManifest.xml:96:19-87
activity#com.paypal.android.sdk.payments.PaymentConfirmActivity
ADDED from src\main\AndroidManifest.xml:97:9-91
	android:name
		ADDED from src\main\AndroidManifest.xml:97:19-88
activity#com.paypal.android.sdk.payments.PayPalFuturePaymentActivity
ADDED from src\main\AndroidManifest.xml:98:9-96
	android:name
		ADDED from src\main\AndroidManifest.xml:98:19-93
activity#com.paypal.android.sdk.payments.FuturePaymentConsentActivity
ADDED from src\main\AndroidManifest.xml:99:9-97
	android:name
		ADDED from src\main\AndroidManifest.xml:99:19-94
activity#com.paypal.android.sdk.payments.FuturePaymentInfoActivity
ADDED from src\main\AndroidManifest.xml:100:9-94
	android:name
		ADDED from src\main\AndroidManifest.xml:100:19-91
activity#com.paypal.android.sdk.payments.PayPalProfileSharingActivity
ADDED from src\main\AndroidManifest.xml:101:9-97
	android:name
		ADDED from src\main\AndroidManifest.xml:101:19-94
activity#com.paypal.android.sdk.payments.ProfileSharingConsentActivity
ADDED from src\main\AndroidManifest.xml:102:9-98
	android:name
		ADDED from src\main\AndroidManifest.xml:102:19-95
activity#io.card.payment.CardIOActivity
ADDED from src\main\AndroidManifest.xml:105:9-107:66
	android:configChanges
		ADDED from src\main\AndroidManifest.xml:107:13-63
	android:name
		ADDED from src\main\AndroidManifest.xml:106:13-58
activity#io.card.payment.DataEntryActivity
ADDED from src\main\AndroidManifest.xml:108:9-70
	android:name
		ADDED from src\main\AndroidManifest.xml:108:19-67
android:uses-permission#android.permission.READ_PHONE_STATE
IMPLIED from src\main\AndroidManifest.xml:2:1-112:12 reason: it.sephiroth.android.library has a targetSdkVersion < 4
android:uses-permission#android.permission.READ_EXTERNAL_STORAGE
IMPLIED from src\main\AndroidManifest.xml:2:1-112:12 reason: it.sephiroth.android.library requested WRITE_EXTERNAL_STORAGE